
**** Build of configuration Debug for project Asm_Timers_ACLK_Overflow_12Bit ****

"C:\\ti\\ccs1250\\ccs\\utils\\bin\\gmake" -k -j 12 all -O 
 
Building file: "../main.asm"
Invoking: MSP430 Compiler
"C:/ti/ccs1250/ccs/tools/compiler/ti-cgt-msp430_21.6.1.LTS/bin/cl430" -vmspx --code_model=small --data_model=small --use_hw_mpy=F5 --include_path="C:/ti/ccs1250/ccs/ccs_base/msp430/include" --include_path="C:/Users/Ulysses Andulte/workspace_v12/Asm_Timers_ACLK_Overflow_12Bit" --include_path="C:/ti/ccs1250/ccs/tools/compiler/ti-cgt-msp430_21.6.1.LTS/include" --advice:power=all --advice:hw_config=all --define=__MSP430FR2355__ --define=_FRWP_ENABLE --define=_INFO_FRWP_ENABLE -g --printf_support=minimal --diag_warning=225 --diag_wrap=off --display_error_number --silicon_errata=CPU21 --silicon_errata=CPU22 --silicon_errata=CPU40 --preproc_with_compile --preproc_dependency="main.d_raw"  "../main.asm"
No Assembly Errors, 2 Assembly Warnings
"../main.asm", WARNING! at line 41: [W0005] NOP required before set of GIE bit.
				bis.w	#GIE, SR				; global enable for maskables
 
"../main.asm", REMARK   at line 41: [R0001] After symbol substitution the line became:
				bis.w	#(0x0008), SR				; global enable for maskables
 
"../main.asm", WARNING! at line 41: [W0005] NOP required after set or clear of GIE bit.
				bis.w	#GIE, SR				; global enable for maskables
 
"../main.asm", REMARK   at line 41: [R0001] After symbol substitution the line became:
				bis.w	#(0x0008), SR				; global enable for maskables
 
Finished building: "../main.asm"
 
Building target: "Asm_Timers_ACLK_Overflow_12Bit.out"
Invoking: MSP430 Linker
"C:/ti/ccs1250/ccs/tools/compiler/ti-cgt-msp430_21.6.1.LTS/bin/cl430" -vmspx --code_model=small --data_model=small --use_hw_mpy=F5 --advice:power=all --advice:hw_config=all --define=__MSP430FR2355__ --define=_FRWP_ENABLE --define=_INFO_FRWP_ENABLE -g --printf_support=minimal --diag_warning=225 --diag_wrap=off --display_error_number --silicon_errata=CPU21 --silicon_errata=CPU22 --silicon_errata=CPU40 -z -m"Asm_Timers_ACLK_Overflow_12Bit.map" --heap_size=0 --stack_size=0 --cinit_hold_wdt=on -i"C:/ti/ccs1250/ccs/ccs_base/msp430/include" -i"C:/ti/ccs1250/ccs/ccs_base/msp430/lib/FR2xx" -i"C:/ti/ccs1250/ccs/tools/compiler/ti-cgt-msp430_21.6.1.LTS/lib" -i"C:/ti/ccs1250/ccs/tools/compiler/ti-cgt-msp430_21.6.1.LTS/include" --priority --reread_libs --define=_FRWP_ENABLE --define=_INFO_FRWP_ENABLE --diag_wrap=off --display_error_number --warn_sections --xml_link_info="Asm_Timers_ACLK_Overflow_12Bit_linkInfo.xml" --entry_point=RESET --use_hw_mpy=F5 -o "Asm_Timers_ACLK_Overflow_12Bit.out" "./main.obj" "../lnk_msp430fr2355.cmd"  -lfrwp_init.a -llibc.a 
<Linking>
Finished building target: "Asm_Timers_ACLK_Overflow_12Bit.out"
 

**** Build Finished ****
